[2025-07-19 22:50:30] [INFO] === Automation und Workflow-Optimierung Setup gestartet ===
[2025-07-19 22:50:30] [WARNING] WARNUNG: Skript läuft nicht als Administrator. Einige Funktionen könnten fehlschlagen.
[2025-07-19 22:50:30] [INFO] === File-Organization-Automation ===
[2025-07-19 22:50:30] [INFO] File Juggler: Manuelle Installation empfohlen von filejuggler.com
[2025-07-19 22:50:30] [INFO] Erstelle PowerShell File-Organization-Skripte...
[2025-07-19 22:50:30] [INFO] === CI/CD und Build-Automation ===
[2025-07-19 22:50:30] [INFO] Installiere GitHub CLI...
[2025-07-19 22:50:32] [INFO] GitHub CLI installiert
[2025-07-19 22:50:32] [INFO] Installiere Jenkins...
[2025-07-19 22:50:32] [INFO] Jenkins: Docker-Installation empfohlen - docker run jenkins/jenkins
[2025-07-19 22:50:32] [INFO] Installiere Azure CLI...
[2025-07-19 22:51:38] [INFO] Azure CLI installiert
[2025-07-19 22:51:38] [INFO] === System-Maintenance-Automation ===
[2025-07-19 22:51:38] [INFO] Installiere CCleaner...
[2025-07-19 22:52:08] [INFO] CCleaner installiert
[2025-07-19 22:52:08] [INFO] Windows Disk Cleanup bereits verfügbar
[2025-07-19 22:52:08] [INFO] Installiere BleachBit...
[2025-07-19 22:52:33] [INFO] BleachBit installiert
[2025-07-19 22:52:33] [INFO] === Update-Management-Automation ===
[2025-07-19 22:52:33] [INFO] Windows Update automatisch konfiguriert
[2025-07-19 22:52:33] [INFO] Prüfe Chocolatey Installation...
[2025-07-19 22:52:33] [INFO] Chocolatey bereits installiert
[2025-07-19 22:52:33] [INFO] winget bereits für automatische Software-Updates verfügbar
[2025-07-19 22:52:33] [INFO] === Resource-Usage-Monitoring ===
[2025-07-19 22:52:33] [INFO] Windows Performance Monitor bereits verfügbar
[2025-07-19 22:52:33] [INFO] Windows Resource Monitor bereits verfügbar
[2025-07-19 22:52:33] [INFO] Installiere HWMonitor...
[2025-07-19 22:52:43] [INFO] HWMonitor installiert
[2025-07-19 22:52:43] [INFO] === Automation-Skripte erstellen ===
[2025-07-19 22:52:43] [INFO] Automation-Scripts Verzeichnis erstellt: C:\Users\admin\Automation-Scripts
[2025-07-19 22:52:43] [INFO] System-Maintenance-Skript erstellt: C:\Users\admin\Automation-Scripts\System-Maintenance.ps1
[2025-07-19 22:52:43] [INFO] File-Organization-Skript erstellt: C:\Users\admin\Automation-Scripts\File-Organization.ps1
[2025-07-19 22:52:43] [INFO] === Task Scheduler Automation ===
[2025-07-19 22:52:44] [INFO] Weekly-System-Maintenance Task erstellt
[2025-07-19 22:52:45] [INFO] Daily-File-Organization Task erstellt
[2025-07-19 22:52:45] [INFO] === CI/CD Pipeline Templates ===
[2025-07-19 22:52:45] [INFO] GitHub Actions Templates Verzeichnis erstellt: C:\Users\admin\Automation-Scripts\GitHub-Actions-Templates
[2025-07-19 22:52:45] [INFO] Node.js CI Template erstellt: C:\Users\admin\Automation-Scripts\GitHub-Actions-Templates\nodejs-ci.yml
[2025-07-19 22:52:45] [INFO] === Setup erfolgreich abgeschlossen ===
[2025-07-19 22:52:45] [INFO] 
[2025-07-19 22:52:45] [INFO] Erstellte Automation-Skripte:
[2025-07-19 22:52:45] [INFO] - System-Maintenance: C:\Users\admin\Automation-Scripts\System-Maintenance.ps1
[2025-07-19 22:52:45] [INFO] - File-Organization: C:\Users\admin\Automation-Scripts\File-Organization.ps1
[2025-07-19 22:52:45] [INFO] 
[2025-07-19 22:52:45] [INFO] Geplante Aufgaben:
[2025-07-19 22:52:45] [INFO] - Weekly-System-Maintenance (Sonntag 02:00 Uhr)
[2025-07-19 22:52:45] [INFO] - Daily-File-Organization (täglich 18:00 Uhr)
[2025-07-19 22:52:45] [INFO] 
[2025-07-19 22:52:45] [INFO] Wichtige nächste Schritte:
[2025-07-19 22:52:45] [INFO] 1. GitHub CLI mit 'gh auth login' konfigurieren
[2025-07-19 22:52:45] [INFO] 2. Jenkins über Docker starten (optional)
[2025-07-19 22:52:45] [INFO] 3. Automation-Skripte testen
[2025-07-19 22:52:45] [INFO] 4. File Juggler manuell installieren (optional)
[2025-07-19 22:52:45] [INFO] 5. CI/CD Templates für eigene Projekte anpassen
[2025-07-19 22:52:45] [INFO] 
=== Automation und Workflow-Optimierung Setup Abgeschlossen ===
Computer: DESKTOP-CI28D0G
Konfiguriert am: 2025-07-19 22:52:45

Installierte Software:
✓ GitHub CLI
✓ Azure CLI
✓ CCleaner
✓ BleachBit
✓ HWMonitor
✓ Chocolatey

Automation-Verzeichnis:
- C:\Users\admin\Automation-Scripts

Erstellte Skripte:
- System-Maintenance: C:\Users\admin\Automation-Scripts\System-Maintenance.ps1
- File-Organization: C:\Users\admin\Automation-Scripts\File-Organization.ps1

CI/CD Templates:
- Node.js CI: C:\Users\admin\Automation-Scripts\GitHub-Actions-Templates\nodejs-ci.yml

Geplante Aufgaben:
- Weekly-System-Maintenance (Sonntag 02:00)
- Daily-File-Organization (täglich 18:00)

Manuelle Installationen empfohlen:
- File Juggler (File Organization)
- Jenkins (Docker-basiert)

Nächste Schritte:
- GitHub CLI authentifizieren
- Automation-Skripte testen
- CI/CD-Pipeline konfigurieren
- Monitoring-Alerts einrichten
[2025-07-19 22:52:45] [INFO] Setup-Details in Log-Datei gespeichert: C:\Users\admin\Documents\Windows-PostInstall-Setup\scripts\..\config\Automation-Workflow-Setup.log
[2025-07-19 22:52:45] [INFO] Automation und Workflow-Optimierung Setup abgeschlossen!
