[2025-07-19 22:52:50] [INFO] === Dokumentation und Knowledge-Management Setup gestartet ===
[2025-07-19 22:52:50] [WARNING] WARNUNG: Skript läuft nicht als Administrator. Einige Funktionen könnten fehlschlagen.
[2025-07-19 22:52:50] [INFO] === Wiki und Documentation-System ===
[2025-07-19 22:52:50] [INFO] Installiere Obsidian...
[2025-07-19 22:53:27] [INFO] Obsidian installiert
[2025-07-19 22:53:27] [INFO] Installiere Notion...
[2025-07-19 22:53:50] [INFO] Notion installiert
[2025-07-19 22:53:50] [INFO] Installiere Joplin...
[2025-07-19 22:54:27] [INFO] Joplin installiert
[2025-07-19 22:54:27] [INFO] === Diagramm und Visualization Tools ===
[2025-07-19 22:54:27] [INFO] Installiere Draw.io Desktop...
[2025-07-19 22:54:29] [INFO] Draw.io Desktop installiert
[2025-07-19 22:54:29] [INFO] Lucidchart: Web-basiert verfügbar über lucidchart.com
[2025-07-19 22:54:29] [INFO] PlantUML: Integration über VS Code Extension bereits konfiguriert
[2025-07-19 22:54:29] [INFO] === Markdown-Editoren und Tools ===
[2025-07-19 22:54:29] [INFO] Installiere Typora...
[2025-07-19 22:54:30] [INFO] Typora installiert
[2025-07-19 22:54:30] [INFO] Installiere MarkText...
[2025-07-19 22:55:01] [INFO] MarkText installiert
[2025-07-19 22:55:01] [INFO] === Screenshot und Screen Recording ===
[2025-07-19 22:55:01] [INFO] Installiere Greenshot...
[2025-07-19 22:55:09] [INFO] Greenshot installiert
[2025-07-19 22:55:09] [INFO] Installiere ShareX...
[2025-07-19 22:55:30] [INFO] ShareX installiert
[2025-07-19 22:55:30] [INFO] Installiere OBS Studio...
[2025-07-19 22:56:12] [INFO] OBS Studio installiert
[2025-07-19 22:56:12] [INFO] === License-Management-System ===
[2025-07-19 22:56:12] [INFO] Erstelle License-Management-System...
[2025-07-19 22:56:12] [INFO] === Vendor-Contact-Management ===
[2025-07-19 22:56:12] [INFO] Excel für Vendor-Kontakt-Management verfügbar
[2025-07-19 22:56:12] [INFO] === Documentation-Verzeichnisse erstellen ===
[2025-07-19 22:56:12] [INFO] Hauptdokumentation-Verzeichnis erstellt: C:\Users\admin\Documentation
[2025-07-19 22:56:12] [INFO] Dokumentation-Unterverzeichnis erstellt: C:\Users\admin\Documentation\System-Configuration
[2025-07-19 22:56:12] [INFO] Dokumentation-Unterverzeichnis erstellt: C:\Users\admin\Documentation\Troubleshooting-Guides
[2025-07-19 22:56:12] [INFO] Dokumentation-Unterverzeichnis erstellt: C:\Users\admin\Documentation\Project-Documentation
[2025-07-19 22:56:12] [INFO] Dokumentation-Unterverzeichnis erstellt: C:\Users\admin\Documentation\Vendor-Information
[2025-07-19 22:56:12] [INFO] Dokumentation-Unterverzeichnis erstellt: C:\Users\admin\Documentation\License-Management
[2025-07-19 22:56:12] [INFO] Dokumentation-Unterverzeichnis erstellt: C:\Users\admin\Documentation\Change-Logs
[2025-07-19 22:56:12] [INFO] Dokumentation-Unterverzeichnis erstellt: C:\Users\admin\Documentation\Templates
[2025-07-19 22:56:12] [INFO] Dokumentation-Unterverzeichnis erstellt: C:\Users\admin\Documentation\Screenshots
[2025-07-19 22:56:12] [INFO] Dokumentation-Unterverzeichnis erstellt: C:\Users\admin\Documentation\Diagrams
[2025-07-19 22:56:12] [INFO] === Konfiguration-as-Code Repository erstellen ===
[2025-07-19 22:56:13] [INFO] Git Repository für Konfigurationsdateien erstellt: C:\Users\admin\Documentation\System-Configuration
[2025-07-19 22:56:13] [INFO] === Troubleshooting-Guides erstellen ===
[2025-07-19 22:56:13] [INFO] Troubleshooting-Guide-Template erstellt: C:\Users\admin\Documentation\Templates\Troubleshooting-Guide-Template.md
[2025-07-19 22:56:13] [INFO] === License-Management-System ===
[2025-07-19 22:56:13] [INFO] License-Tracking-System erstellt: C:\Users\admin\Documentation\License-Management\Software-Licenses.csv
[2025-07-19 22:56:13] [INFO] === Vendor-Contact-Database ===
[2025-07-19 22:56:13] [INFO] Vendor-Contact-Database erstellt: C:\Users\admin\Documentation\Vendor-Information\Vendor-Contacts.csv
[2025-07-19 22:56:13] [INFO] === Change-Management-Prozess ===
[2025-07-19 22:56:13] [INFO] Change-Management-Template erstellt: C:\Users\admin\Documentation\Change-Logs\Change-Log-2025-07.md
[2025-07-19 22:56:13] [INFO] === Obsidian Vault konfigurieren ===
[2025-07-19 22:56:13] [INFO] Obsidian Vault erstellt: C:\Users\admin\Documentation\Obsidian-Vault
[2025-07-19 22:56:13] [INFO] === Setup erfolgreich abgeschlossen ===
[2025-07-19 22:56:13] [INFO] 
[2025-07-19 22:56:13] [INFO] Dokumentation-Verzeichnisse erstellt:
[2025-07-19 22:56:13] [INFO] - C:\Users\admin\Documentation\System-Configuration
[2025-07-19 22:56:13] [INFO] - C:\Users\admin\Documentation\Troubleshooting-Guides
[2025-07-19 22:56:13] [INFO] - C:\Users\admin\Documentation\Project-Documentation
[2025-07-19 22:56:13] [INFO] - C:\Users\admin\Documentation\Vendor-Information
[2025-07-19 22:56:13] [INFO] - C:\Users\admin\Documentation\License-Management
[2025-07-19 22:56:13] [INFO] - C:\Users\admin\Documentation\Change-Logs
[2025-07-19 22:56:13] [INFO] - C:\Users\admin\Documentation\Templates
[2025-07-19 22:56:13] [INFO] - C:\Users\admin\Documentation\Screenshots
[2025-07-19 22:56:13] [INFO] - C:\Users\admin\Documentation\Diagrams
[2025-07-19 22:56:13] [INFO] 
[2025-07-19 22:56:13] [INFO] Wichtige Dateien erstellt:
[2025-07-19 22:56:13] [INFO] - Troubleshooting-Template: C:\Users\admin\Documentation\Templates\Troubleshooting-Guide-Template.md
[2025-07-19 22:56:13] [INFO] - License-Tracking: C:\Users\admin\Documentation\License-Management\Software-Licenses.csv
[2025-07-19 22:56:13] [INFO] - Vendor-Contacts: C:\Users\admin\Documentation\Vendor-Information\Vendor-Contacts.csv
[2025-07-19 22:56:13] [INFO] - Change-Log: C:\Users\admin\Documentation\Change-Logs\Change-Log-2025-07.md
[2025-07-19 22:56:13] [INFO] - Obsidian Vault: C:\Users\admin\Documentation\Obsidian-Vault
[2025-07-19 22:56:13] [INFO] 
[2025-07-19 22:56:13] [INFO] Wichtige nächste Schritte:
[2025-07-19 22:56:13] [INFO] 1. Obsidian öffnen und Vault verknüpfen: C:\Users\admin\Documentation\Obsidian-Vault
[2025-07-19 22:56:13] [INFO] 2. Notion-Account einrichten (optional)
[2025-07-19 22:56:13] [INFO] 3. Screenshot-Tools (Greenshot/ShareX) konfigurieren
[2025-07-19 22:56:13] [INFO] 4. License-Management CSV pflegen
[2025-07-19 22:56:13] [INFO] 5. Vendor-Kontakte aktualisieren
[2025-07-19 22:56:13] [INFO] 6. Change-Management-Prozess implementieren
[2025-07-19 22:56:13] [INFO] 
=== Dokumentation und Knowledge-Management Setup Abgeschlossen ===
Computer: DESKTOP-CI28D0G
Konfiguriert am: 2025-07-19 22:56:13

Installierte Software:
✓ Obsidian (Knowledge Management)
✓ Notion (Collaboration)
✓ Joplin (Note Taking)
✓ Draw.io Desktop (Diagramme)
✓ Typora (Markdown Editor)
✓ MarkText (Markdown Editor)
✓ Greenshot (Screenshots)
✓ ShareX (Advanced Screenshots)
✓ OBS Studio (Screen Recording)

Dokumentation-Verzeichnisstruktur:
- Haupt-Dokumentation: C:\Users\admin\Documentation
- System-Configuration
 - Troubleshooting-Guides
 - Project-Documentation
 - Vendor-Information
 - License-Management
 - Change-Logs
 - Templates
 - Screenshots
 - Diagrams


Erstellte Management-Systeme:
- Git Repository für Konfigurationen: C:\Users\admin\Documentation\System-Configuration
- License-Tracking: C:\Users\admin\Documentation\License-Management\Software-Licenses.csv
- Vendor-Contact-Database: C:\Users\admin\Documentation\Vendor-Information\Vendor-Contacts.csv
- Change-Management: C:\Users\admin\Documentation\Change-Logs\Change-Log-2025-07.md
- Obsidian Vault: C:\Users\admin\Documentation\Obsidian-Vault

Templates erstellt:
- Troubleshooting-Guide-Template
- Change-Log-Template
- System-Configuration-Template

Nächste Schritte:
- Obsidian Vault konfigurieren
- Knowledge Base strukturieren
- Documentation-Workflow etablieren
- Regelmäßige Backup-Zyklen einrichten
[2025-07-19 22:56:13] [INFO] Setup-Details in Log-Datei gespeichert: C:\Users\admin\Documents\Windows-PostInstall-Setup\scripts\..\config\Documentation-Knowledge-Setup.log
[2025-07-19 22:56:13] [INFO] Dokumentation und Knowledge-Management Setup abgeschlossen!
